<?xml version="1.0" encoding="UTF-8"?>
<testsuite name="com.example.project.TestMain" tests="14" skipped="0" failures="0" errors="0" timestamp="2025-02-06T14:04:34" hostname="codespaces-f0182b" time="0.092">
  <properties/>
  <testcase name="testNotAlone()" classname="com.example.project.TestMain" time="0.026"/>
  <testcase name="TestShiftLeft()" classname="com.example.project.TestMain" time="0.002"/>
  <testcase name="testParseSentence()" classname="com.example.project.TestMain" time="0.002"/>
  <testcase name="testRemoveDuplicates()" classname="com.example.project.TestMain" time="0.001"/>
  <testcase name="testFix34()" classname="com.example.project.TestMain" time="0.0"/>
  <testcase name="testMode()" classname="com.example.project.TestMain" time="0.013"/>
  <testcase name="testSameFirstLast()" classname="com.example.project.TestMain" time="0.001"/>
  <testcase name="testSwapEnds()" classname="com.example.project.TestMain" time="0.001"/>
  <testcase name="testZeroFront()" classname="com.example.project.TestMain" time="0.001"/>
  <testcase name="testRemove3()" classname="com.example.project.TestMain" time="0.003"/>
  <testcase name="testReverseArray()" classname="com.example.project.TestMain" time="0.001"/>
  <testcase name="testInsertAfterI()" classname="com.example.project.TestMain" time="0.0"/>
  <testcase name="testMoveBWords()" classname="com.example.project.TestMain" time="0.001"/>
  <testcase name="testDuplicateUpperEnd()" classname="com.example.project.TestMain" time="0.001"/>
  <system-out><![CDATA[[[1, 2], [2, 3], [3, 2], [4, 2], [5, 3], [6, 2]]
[[2, 3], [5, 3]]
[[1, 2], [2, 3], [6, 4], [3, 2], [4, 2], [5, 3], [7, 2]]
[[6, 4]]
[[1, 6], [2, 4], [4, 3], [3, 2]]
[[1, 6]]
[[1, 4], [2, 4], [3, 4], [4, 3]]
[[1, 4], [2, 4], [3, 4]]
[[1, 2], [2, 2], [3, 2], [4, 2], [5, 2], [6, 2]]
[[1, 2], [2, 2], [3, 2], [4, 2], [5, 2], [6, 2]]
[[1, 4], [2, 4], [3, 4], [4, 4], [5, 4], [6, 4]]
[[1, 4], [2, 4], [3, 4], [4, 4], [5, 4], [6, 4]]
[[1, 4], [2, 4], [3, 4], [4, 4], [5, 4], [6, 4], [7, 2]]
[[1, 4], [2, 4], [3, 4], [4, 4], [5, 4], [6, 4]]
]]></system-out>
  <system-err><![CDATA[]]></system-err>
</testsuite>
